Determining if the pthread_create exist failed with the following output:
Change Dir: /home/rbe/catkin_ws/build/CMakeFiles/CMakeTmp

Run Build Command:/usr/bin/make "cmTryCompileExec2791630729/fast"
/usr/bin/make -f CMakeFiles/cmTryCompileExec2791630729.dir/build.make CMakeFiles/cmTryCompileExec2791630729.dir/build
make[1]: Entering directory `/home/rbe/catkin_ws/build/CMakeFiles/CMakeTmp'
/usr/bin/cmake -E cmake_progress_report /home/rbe/catkin_ws/build/CMakeFiles/CMakeTmp/CMakeFiles 1
Building C object CMakeFiles/cmTryCompileExec2791630729.dir/CheckSymbolExists.c.o
/usr/bin/cc    -o CMakeFiles/cmTryCompileExec2791630729.dir/CheckSymbolExists.c.o   -c /home/rbe/catkin_ws/build/CMakeFiles/CMakeTmp/CheckSymbolExists.c
Linking C executable cmTryCompileExec2791630729
/usr/bin/cmake -E cmake_link_script CMakeFiles/cmTryCompileExec2791630729.dir/link.txt --verbose=1
/usr/bin/cc       CMakeFiles/cmTryCompileExec2791630729.dir/CheckSymbolExists.c.o  -o cmTryCompileExec2791630729 -rdynamic 
CMakeFiles/cmTryCompileExec2791630729.dir/CheckSymbolExists.c.o: In function `main':
CheckSymbolExists.c:(.text+0x16): undefined reference to `pthread_create'
collect2: error: ld returned 1 exit status
make[1]: Leaving directory `/home/rbe/catkin_ws/build/CMakeFiles/CMakeTmp'
make[1]: *** [cmTryCompileExec2791630729] Error 1
make: *** [cmTryCompileExec2791630729/fast] Error 2

File /home/rbe/catkin_ws/build/CMakeFiles/CMakeTmp/CheckSymbolExists.c:
/* */
#include <pthread.h>

int main(int argc, char** argv)
{
  (void)argv;
#ifndef pthread_create
  return ((int*)(&pthread_create))[argc];
#else
  (void)argc;
  return 0;
#endif
}

Determining if the function pthread_create exists in the pthreads failed with the following output:
Change Dir: /home/rbe/catkin_ws/build/CMakeFiles/CMakeTmp

Run Build Command:/usr/bin/make "cmTryCompileExec1242891484/fast"
/usr/bin/make -f CMakeFiles/cmTryCompileExec1242891484.dir/build.make CMakeFiles/cmTryCompileExec1242891484.dir/build
make[1]: Entering directory `/home/rbe/catkin_ws/build/CMakeFiles/CMakeTmp'
/usr/bin/cmake -E cmake_progress_report /home/rbe/catkin_ws/build/CMakeFiles/CMakeTmp/CMakeFiles 1
Building C object CMakeFiles/cmTryCompileExec1242891484.dir/CheckFunctionExists.c.o
/usr/bin/cc   -DCHECK_FUNCTION_EXISTS=pthread_create   -o CMakeFiles/cmTryCompileExec1242891484.dir/CheckFunctionExists.c.o   -c /usr/share/cmake-2.8/Modules/CheckFunctionExists.c
Linking C executable cmTryCompileExec1242891484
/usr/bin/cmake -E cmake_link_script CMakeFiles/cmTryCompileExec1242891484.dir/link.txt --verbose=1
/usr/bin/cc   -DCHECK_FUNCTION_EXISTS=pthread_create    CMakeFiles/cmTryCompileExec1242891484.dir/CheckFunctionExists.c.o  -o cmTryCompileExec1242891484 -rdynamic -lpthreads 
/usr/bin/ld: cannot find -lpthreads
collect2: error: ld returned 1 exit status
make[1]: Leaving directory `/home/rbe/catkin_ws/build/CMakeFiles/CMakeTmp'
make[1]: *** [cmTryCompileExec1242891484] Error 1
make: *** [cmTryCompileExec1242891484/fast] Error 2


